<?xml version="1.0" encoding="UTF-8"?>
<testsuite name="PointExtractorTest" tests="3" skipped="0" failures="0" errors="0" timestamp="2020-02-15T19:44:28" hostname="LAPTOP-7IM6HBDA" time="0.003">
  <properties/>
  <testcase name="testPointRangeValuable" classname="PointExtractorTest" time="0.002"/>
  <testcase name="testPointValOverTwo" classname="PointExtractorTest" time="0.0"/>
  <testcase name="testPointValIsOne" classname="PointExtractorTest" time="0.0"/>
  <system-out><![CDATA[]]></system-out>
  <system-err><![CDATA[]]></system-err>
</testsuite>
